<?xml version="1.0" encoding="UTF-8"?>
<beans xmlns="http://www.springframework.org/schema/beans"
	xmlns:context="http://www.springframework.org/schema/context"
	xmlns:xsi="http://www.w3.org/2001/XMLSchema-instance" xmlns:tx="http://www.springframework.org/schema/tx"

	xsi:schemaLocation="http://www.springframework.org/schema/beans http://www.springframework.org/schema/beans/spring-beans.xsd
	   http://www.springframework.org/schema/context http://www.springframework.org/schema/context/spring-context-3.2.xsd
		http://www.springframework.org/schema/tx http://www.springframework.org/schema/tx/spring-tx-3.2.xsd">

	<import resource="application-context.xml" />

<!-- 	<bean id="dataSource" -->
<!-- 		class="org.springframework.jdbc.datasource.DriverManagerDataSource"> -->
<!-- 		<property name="driverClassName" value="org.hsqldb.jdbcDriver" /> -->
<!-- 		<property name="url" value="jdbc:hsqldb:mem:Test" /> -->
<!-- 	</bean> -->
<!-- 	<bean id="jpaVendorAdapter" -->
<!-- 		class="org.springframework.orm.jpa.vendor.EclipseLinkJpaVendorAdapter"> -->
<!-- 		<property name="showSql" value="true" /> -->
<!-- 		<property name="generateDdl" value="true" /> -->
<!-- 		<property name="databasePlatform" -->
<!-- 			value="org.eclipse.persistence.platform.database.HSQLPlatform" /> -->
<!-- 		<property name="database" value="HSQL" /> -->
<!-- 	</bean> -->

</beans>
